0 info it worked if it ends with ok
1 verbose cli [ 'C:\\utilities\\nodejs\\\\node.exe',
1 verbose cli   'C:\\utilities\\nodejs\\node_modules\\npm\\bin\\npm-cli.js',
1 verbose cli   'publish' ]
2 info using npm@1.4.28
3 info using node@v0.10.38
4 verbose node symlink C:\utilities\nodejs\\node.exe
5 verbose publish [ '.' ]
6 verbose cache add [ '.', null ]
7 verbose cache add name=undefined spec="." args=[".",null]
8 verbose parsed url { protocol: null,
8 verbose parsed url   slashes: null,
8 verbose parsed url   auth: null,
8 verbose parsed url   host: null,
8 verbose parsed url   port: null,
8 verbose parsed url   hostname: null,
8 verbose parsed url   hash: null,
8 verbose parsed url   search: null,
8 verbose parsed url   query: null,
8 verbose parsed url   pathname: '.',
8 verbose parsed url   path: '.',
8 verbose parsed url   href: '.' }
9 silly lockFile 3a52ce78- .
10 verbose lock . C:\Users\IBM_ADMIN\AppData\Roaming\npm-cache\3a52ce78-.lock
11 verbose tar pack [ 'C:\\Users\\IBM_ADMIN\\AppData\\Roaming\\npm-cache\\node-red-contrib-geonames\\0.1.2\\package.tgz',
11 verbose tar pack   '.' ]
12 verbose tarball C:\Users\IBM_ADMIN\AppData\Roaming\npm-cache\node-red-contrib-geonames\0.1.2\package.tgz
13 verbose folder .
14 info prepublish node-red-contrib-geonames@0.1.2
15 silly lockFile 1f1177db-tar tar://.
16 verbose lock tar://. C:\Users\IBM_ADMIN\AppData\Roaming\npm-cache\1f1177db-tar.lock
17 silly lockFile aae9cad4-ntrib-geonames-0-1-2-package-tgz tar://C:\Users\IBM_ADMIN\AppData\Roaming\npm-cache\node-red-contrib-geonames\0.1.2\package.tgz
18 verbose lock tar://C:\Users\IBM_ADMIN\AppData\Roaming\npm-cache\node-red-contrib-geonames\0.1.2\package.tgz C:\Users\IBM_ADMIN\AppData\Roaming\npm-cache\aae9cad4-ntrib-geonames-0-1-2-package-tgz.lock
19 silly lockFile 1f1177db-tar tar://.
20 silly lockFile 1f1177db-tar tar://.
21 silly lockFile aae9cad4-ntrib-geonames-0-1-2-package-tgz tar://C:\Users\IBM_ADMIN\AppData\Roaming\npm-cache\node-red-contrib-geonames\0.1.2\package.tgz
22 silly lockFile aae9cad4-ntrib-geonames-0-1-2-package-tgz tar://C:\Users\IBM_ADMIN\AppData\Roaming\npm-cache\node-red-contrib-geonames\0.1.2\package.tgz
23 silly lockFile 658f96d8-d-contrib-geonames-0-1-2-package C:\Users\IBM_ADMIN\AppData\Roaming\npm-cache\node-red-contrib-geonames\0.1.2\package
24 verbose lock C:\Users\IBM_ADMIN\AppData\Roaming\npm-cache\node-red-contrib-geonames\0.1.2\package C:\Users\IBM_ADMIN\AppData\Roaming\npm-cache\658f96d8-d-contrib-geonames-0-1-2-package.lock
25 silly lockFile 658f96d8-d-contrib-geonames-0-1-2-package C:\Users\IBM_ADMIN\AppData\Roaming\npm-cache\node-red-contrib-geonames\0.1.2\package
26 silly lockFile 658f96d8-d-contrib-geonames-0-1-2-package C:\Users\IBM_ADMIN\AppData\Roaming\npm-cache\node-red-contrib-geonames\0.1.2\package
27 silly lockFile 3a52ce78- .
28 silly lockFile 3a52ce78- .
29 silly publish { name: 'node-red-contrib-geonames',
29 silly publish   version: '0.1.2',
29 silly publish   description: 'A collection of Node-RED nodes to perform place and timezone lookup and search using Geonames.org.',
29 silly publish   repository:
29 silly publish    { type: 'git',
29 silly publish      url: 'https://github.com/tverilytt/NODE-Red/tree/master/geonames' },
29 silly publish   license: 'Apache',
29 silly publish   keywords: [ 'node-red', 'lookup-place', 'lookup-timezone', 'search-place' ],
29 silly publish   'node-red':
29 silly publish    { nodes:
29 silly publish       { 'lookup-place': 'lookup-place/lookup-place.js',
29 silly publish         'lookup-timezone': 'lookup-timezone/lookup-timezone.js',
29 silly publish         'search-place': 'search-place/search-place.js' } },
29 silly publish   author:
29 silly publish    { name: 'Jo Torsmyr',
29 silly publish      email: 'jo@torsmyr.com',
29 silly publish      url: 'http://plus.google.com/+JoTorsmyr' },
29 silly publish   readme: '<html><body>\nnode-red-contrib-geonames\n=========================\n\nA collection of Node-RED nodes for Geonames.org\n\n### Installation\n\nThe latest release of these nodes can be installed by running:\n\n    $ npm install node-red-contrib-geonames\n\n\n### Geonames nodes\n\nThese nodes use the <a target="_blank" href="http://geonames.org/" >geonames.org</a> API.\n\n<h4>lookup-place</h4>\nA Node-RED node to perform reverse geolocation place lookup using Geonames.org.\n\n<h4>lookup-timezone</h4>\nA Node-RED node to perform timezone lookup using Geonames.org.\n\n<h4>search-place</h4>\nA Node-RED node to perform search for geographical places using Geonames.org.\n\n</body></html>\n',
29 silly publish   readmeFilename: 'README.md',
29 silly publish   _id: 'node-red-contrib-geonames@0.1.2',
29 silly publish   scripts: {},
29 silly publish   _shasum: '353bebfe874055a0eb28c6f659af473fa7179a5a',
29 silly publish   _from: '.' }
30 verbose request where is /node-red-contrib-geonames
31 verbose request registry https://registry.npmjs.org/
32 verbose request id 388e90cc2dd39813
33 verbose url raw /node-red-contrib-geonames
34 verbose url resolving [ 'https://registry.npmjs.org/', './node-red-contrib-geonames' ]
35 verbose url resolved https://registry.npmjs.org/node-red-contrib-geonames
36 verbose request where is https://registry.npmjs.org/node-red-contrib-geonames
37 info trying registry request attempt 1 at 15:55:13
38 http PUT https://registry.npmjs.org/node-red-contrib-geonames
39 http 409 https://registry.npmjs.org/node-red-contrib-geonames
40 verbose request where is /node-red-contrib-geonames?write=true
41 verbose request registry https://registry.npmjs.org/
42 verbose url raw /node-red-contrib-geonames?write=true
43 verbose url resolving [ 'https://registry.npmjs.org/',
43 verbose url resolving   './node-red-contrib-geonames?write=true' ]
44 verbose url resolved https://registry.npmjs.org/node-red-contrib-geonames?write=true
45 verbose request where is https://registry.npmjs.org/node-red-contrib-geonames?write=true
46 info trying registry request attempt 1 at 15:55:15
47 http GET https://registry.npmjs.org/node-red-contrib-geonames?write=true
48 http 200 https://registry.npmjs.org/node-red-contrib-geonames?write=true
49 error publish fail Cannot publish over existing version.
49 error publish fail Update the 'version' field in package.json and try again.
49 error publish fail
49 error publish fail If the previous version was published in error, see:
49 error publish fail     npm help unpublish
49 error publish fail
49 error publish fail To automatically increment version numbers, see:
49 error publish fail     npm help version
50 error System Windows_NT 6.1.7601
51 error command "C:\\utilities\\nodejs\\\\node.exe" "C:\\utilities\\nodejs\\node_modules\\npm\\bin\\npm-cli.js" "publish"
52 error cwd C:\home\jo\IBM\dev\github\NODE-Red\geonames
53 error node -v v0.10.38
54 error npm -v 1.4.28
55 error code EPUBLISHCONFLICT
56 verbose exit [ 1, true ]
